<testsuites>
<testsuite name="step graph" tests="19" skipped="0" failures="2" time="4465.421294691">
<properties/>
<testcase name="All images are built and tagged into stable" time="1.957e-05"/>
<testcase name="Find the input image ocp-4.16-upi-installer and tag it into the pipeline" time="2.189059608"/>
<testcase name="Find the input image openshift-release-rhel-9-release-golang-1.22-openshift-4.18 and tag it into the pipeline" time="2.189885791"/>
<testcase name="Find the input image root and tag it into the pipeline" time="2.189929122"/>
<testcase name="Import the release payload "latest" from an external source" time="116.489101032"/>
<testcase name="Run multi-stage test e2e-aws-ovn-ocp-conformance - e2e-aws-ovn-ocp-conformance-openshift-microshift-e2e-origin-conformance container test" time="2765">
<failure message="">y] [Suite:openshift/conformance/parallel] [Suite:k8s] [sig-network] Netpol NetworkPolicy between server and client should allow ingress access from namespace on one named port [Feature:NetworkPolicy] [Suite:openshift/conformance/parallel] [Suite:k8s] [sig-network] Netpol NetworkPolicy between server and client should allow ingress access on one named port [Feature:NetworkPolicy] [Suite:openshift/conformance/parallel] [Suite:k8s] Writing JUnit report to /logs/artifacts/junit/junit_e2e__20250529-212132.xml Writing extension test results JSON to /logs/artifacts/junit/extension_test_result_e2e__20250529-212132.json I0529 22:06:51.812130 20582 write_job_run_data.go:41] Error building cluster data: the server could not find the requested resource (get infrastructures.config.openshift.io cluster) I0529 22:06:51.812168 20582 write_job_run_data.go:41] Error building cluster data: the server could not find the requested resource (get networks.config.openshift.io cluster) I0529 22:06:51.812177 20582 write_job_run_data.go:41] Error building cluster data: the server could not find the requested resource (get clusterversions.config.openshift.io) I0529 22:06:51.812193 20582 write_job_run_data.go:43] Ignoring cluster data due to previous errors: {{ } [] } Suite run returned error: 5 fail, 1061 pass, 1784 skip (44m43s) error running options: 5 fail, 1061 pass, 1784 skip (44m43s)error: 5 fail, 1061 pass, 1784 skip (44m43s) {"component":"entrypoint","error":"wrapped process failed: exit status 1","file":"sigs.k8s.io/prow/pkg/entrypoint/run.go:84","func":"sigs.k8s.io/prow/pkg/entrypoint.Options.internalRun","level":"error","msg":"Error executing test process","severity":"error","time":"2025-05-29T22:06:51Z"} time="2025-05-29T22:06:51Z" level=warning msg="skipped directory \".cache\" when creating secret from directory \"/tmp/secret\"" time="2025-05-29T22:06:51Z" level=warning msg="skipped directory \".kube\" when creating secret from directory \"/tmp/secret\"" error: failed to execute wrapped command: exit status 1 </failure>
</testcase>
<testcase name="Run multi-stage test e2e-aws-ovn-ocp-conformance - e2e-aws-ovn-ocp-conformance-openshift-microshift-includes container test" time="0"/>
<testcase name="Run multi-stage test e2e-aws-ovn-ocp-conformance - e2e-aws-ovn-ocp-conformance-openshift-microshift-infra-aws-deprovision container test" time="3"/>
<testcase name="Run multi-stage test e2e-aws-ovn-ocp-conformance - e2e-aws-ovn-ocp-conformance-openshift-microshift-infra-aws-ec2 container test" time="196"/>
<testcase name="Run multi-stage test e2e-aws-ovn-ocp-conformance - e2e-aws-ovn-ocp-conformance-openshift-microshift-infra-conformance-setup container test" time="169"/>
<testcase name="Run multi-stage test e2e-aws-ovn-ocp-conformance - e2e-aws-ovn-ocp-conformance-openshift-microshift-infra-lvm-install container test" time="20"/>
<testcase name="Run multi-stage test e2e-aws-ovn-ocp-conformance - e2e-aws-ovn-ocp-conformance-openshift-microshift-infra-pcp container test" time="34"/>
<testcase name="Run multi-stage test e2e-aws-ovn-ocp-conformance - e2e-aws-ovn-ocp-conformance-openshift-microshift-infra-pmlogs container test" time="13"/>
<testcase name="Run multi-stage test e2e-aws-ovn-ocp-conformance - e2e-aws-ovn-ocp-conformance-openshift-microshift-infra-rpm-install-aws container test" time="718"/>
<testcase name="Run multi-stage test e2e-aws-ovn-ocp-conformance - e2e-aws-ovn-ocp-conformance-openshift-microshift-infra-sos-aws container test" time="72"/>
<testcase name="Run multi-stage test e2e-aws-ovn-ocp-conformance - e2e-aws-ovn-ocp-conformance-openshift-microshift-infra-wait-for-cluster-up-aws container test" time="5"/>
<testcase name="Run multi-stage test post phase" time="154.969528949">
<system-out>The collected steps of multi-stage phase post.</system-out>
</testcase>
<testcase name="Run multi-stage test pre phase" time="1211.636765514">
<system-out>The collected steps of multi-stage phase pre.</system-out>
</testcase>
<testcase name="Run multi-stage test test phase" time="2981.93258323">
<failure message="">"e2e-aws-ovn-ocp-conformance" pod "e2e-aws-ovn-ocp-conformance-openshift-microshift-e2e-origin-conformance" failed: could not watch pod: the pod ci-op-r592wisp/e2e-aws-ovn-ocp-conformance-openshift-microshift-e2e-origin-conformance failed after 46m12s (failed containers: test): ContainerFailed one or more containers exited Container test exited with code 1, reason Error --- y] [Suite:openshift/conformance/parallel] [Suite:k8s] [sig-network] Netpol NetworkPolicy between server and client should allow ingress access from namespace on one named port [Feature:NetworkPolicy] [Suite:openshift/conformance/parallel] [Suite:k8s] [sig-network] Netpol NetworkPolicy between server and client should allow ingress access on one named port [Feature:NetworkPolicy] [Suite:openshift/conformance/parallel] [Suite:k8s] Writing JUnit report to /logs/artifacts/junit/junit_e2e__20250529-212132.xml Writing extension test results JSON to /logs/artifacts/junit/extension_test_result_e2e__20250529-212132.json I0529 22:06:51.812130 20582 write_job_run_data.go:41] Error building cluster data: the server could not find the requested resource (get infrastructures.config.openshift.io cluster) I0529 22:06:51.812168 20582 write_job_run_data.go:41] Error building cluster data: the server could not find the requested resource (get networks.config.openshift.io cluster) I0529 22:06:51.812177 20582 write_job_run_data.go:41] Error building cluster data: the server could not find the requested resource (get clusterversions.config.openshift.io) I0529 22:06:51.812193 20582 write_job_run_data.go:43] Ignoring cluster data due to previous errors: {{ } [] } Suite run returned error: 5 fail, 1061 pass, 1784 skip (44m43s) error running options: 5 fail, 1061 pass, 1784 skip (44m43s)error: 5 fail, 1061 pass, 1784 skip (44m43s) {"component":"entrypoint","error":"wrapped process failed: exit status 1","file":"sigs.k8s.io/prow/pkg/entrypoint/run.go:84","func":"sigs.k8s.io/prow/pkg/entrypoint.Options.internalRun","level":"error","msg":"Error executing test process","severity":"error","time":"2025-05-29T22:06:51Z"} time="2025-05-29T22:06:51Z" level=warning msg="skipped directory \".cache\" when creating secret from directory \"/tmp/secret\"" time="2025-05-29T22:06:51Z" level=warning msg="skipped directory \".kube\" when creating secret from directory \"/tmp/secret\"" error: failed to execute wrapped command: exit status 1 --- Link to step on registry info site: https://steps.ci.openshift.org/reference/openshift-microshift-e2e-origin-conformance Link to job on registry info site: https://steps.ci.openshift.org/job?org=openshift&repo=microshift&branch=release-4.20&test=e2e-aws-ovn-ocp-conformance&variant=periodics</failure>
<system-out>The collected steps of multi-stage phase test.</system-out>
</testcase>
</testsuite>
</testsuites>